{"D:\\SISTEMDONOR\\Backend\\server.js": {"path":"D:\\SISTEMDONOR\\Backend\\server.js","statementMap":{"0":{"start":{"line":1,"column":0},"end":{"line":1,"column":44}},"1":{"start":{"line":2,"column":12},"end":{"line":2,"column":35}},"2":{"start":{"line":3,"column":15},"end":{"line":3,"column":34}},"3":{"start":{"line":4,"column":19},"end":{"line":4,"column":39}},"4":{"start":{"line":5,"column":16},"end":{"line":5,"column":34}},"5":{"start":{"line":6,"column":13},"end":{"line":6,"column":28}},"6":{"start":{"line":7,"column":17},"end":{"line":7,"column":36}},"7":{"start":{"line":8,"column":14},"end":{"line":8,"column":39}},"8":{"start":{"line":9,"column":23},"end":{"line":36,"column":1}},"9":{"start":{"line":11,"column":2},"end":{"line":35,"column":3}},"10":{"start":{"line":13,"column":23},"end":{"line":13,"column":48}},"11":{"start":{"line":15,"column":4},"end":{"line":19,"column":5}},"12":{"start":{"line":16,"column":6},"end":{"line":18,"column":9}},"13":{"start":{"line":21,"column":18},"end":{"line":21,"column":42}},"14":{"start":{"line":23,"column":19},"end":{"line":23,"column":48}},"15":{"start":{"line":25,"column":4},"end":{"line":25,"column":22}},"16":{"start":{"line":27,"column":4},"end":{"line":27,"column":11}},"17":{"start":{"line":31,"column":4},"end":{"line":33,"column":7}},"18":{"start":{"line":38,"column":12},"end":{"line":38,"column":21}},"19":{"start":{"line":41,"column":0},"end":{"line":41,"column":16}},"20":{"start":{"line":42,"column":0},"end":{"line":42,"column":24}},"21":{"start":{"line":45,"column":0},"end":{"line":49,"column":54}},"22":{"start":{"line":47,"column":2},"end":{"line":47,"column":37}},"23":{"start":{"line":49,"column":16},"end":{"line":49,"column":52}},"24":{"start":{"line":54,"column":20},"end":{"line":68,"column":2}},"25":{"start":{"line":73,"column":19},"end":{"line":77,"column":2}},"26":{"start":{"line":79,"column":13},"end":{"line":79,"column":47}},"27":{"start":{"line":84,"column":19},"end":{"line":121,"column":1}},"28":{"start":{"line":85,"column":2},"end":{"line":120,"column":3}},"29":{"start":{"line":88,"column":17},"end":{"line":88,"column":37}},"30":{"start":{"line":91,"column":16},"end":{"line":91,"column":58}},"31":{"start":{"line":93,"column":4},"end":{"line":114,"column":5}},"32":{"start":{"line":95,"column":19},"end":{"line":104,"column":8}},"33":{"start":{"line":106,"column":6},"end":{"line":106,"column":24}},"34":{"start":{"line":108,"column":6},"end":{"line":108,"column":49}},"35":{"start":{"line":112,"column":6},"end":{"line":112,"column":44}},"36":{"start":{"line":118,"column":4},"end":{"line":118,"column":46}},"37":{"start":{"line":122,"column":0},"end":{"line":122,"column":13}},"38":{"start":{"line":127,"column":0},"end":{"line":129,"column":3}},"39":{"start":{"line":128,"column":2},"end":{"line":128,"column":31}},"40":{"start":{"line":134,"column":0},"end":{"line":137,"column":3}},"41":{"start":{"line":135,"column":15},"end":{"line":135,"column":33}},"42":{"start":{"line":136,"column":2},"end":{"line":136,"column":17}},"43":{"start":{"line":139,"column":0},"end":{"line":142,"column":3}},"44":{"start":{"line":140,"column":15},"end":{"line":140,"column":65}},"45":{"start":{"line":141,"column":2},"end":{"line":141,"column":17}},"46":{"start":{"line":144,"column":0},"end":{"line":162,"column":3}},"47":{"start":{"line":145,"column":2},"end":{"line":161,"column":3}},"48":{"start":{"line":146,"column":17},"end":{"line":155,"column":6}},"49":{"start":{"line":157,"column":4},"end":{"line":157,"column":58}},"50":{"start":{"line":159,"column":4},"end":{"line":159,"column":21}},"51":{"start":{"line":160,"column":4},"end":{"line":160,"column":54}},"52":{"start":{"line":164,"column":0},"end":{"line":179,"column":3}},"53":{"start":{"line":165,"column":2},"end":{"line":178,"column":3}},"54":{"start":{"line":166,"column":4},"end":{"line":166,"column":49}},"55":{"start":{"line":168,"column":4},"end":{"line":170,"column":7}},"56":{"start":{"line":173,"column":4},"end":{"line":173,"column":21}},"57":{"start":{"line":175,"column":4},"end":{"line":177,"column":7}},"58":{"start":{"line":181,"column":0},"end":{"line":202,"column":3}},"59":{"start":{"line":182,"column":2},"end":{"line":201,"column":3}},"60":{"start":{"line":185,"column":6},"end":{"line":191,"column":7}},"61":{"start":{"line":193,"column":4},"end":{"line":193,"column":27}},"62":{"start":{"line":196,"column":4},"end":{"line":196,"column":21}},"63":{"start":{"line":198,"column":4},"end":{"line":200,"column":7}},"64":{"start":{"line":209,"column":0},"end":{"line":246,"column":3}},"65":{"start":{"line":211,"column":2},"end":{"line":245,"column":3}},"66":{"start":{"line":213,"column":38},"end":{"line":213,"column":46}},"67":{"start":{"line":215,"column":20},"end":{"line":215,"column":49}},"68":{"start":{"line":217,"column":4},"end":{"line":221,"column":5}},"69":{"start":{"line":218,"column":6},"end":{"line":220,"column":9}},"70":{"start":{"line":223,"column":27},"end":{"line":223,"column":58}},"71":{"start":{"line":225,"column":17},"end":{"line":229,"column":6}},"72":{"start":{"line":231,"column":4},"end":{"line":231,"column":22}},"73":{"start":{"line":233,"column":4},"end":{"line":235,"column":7}},"74":{"start":{"line":239,"column":4},"end":{"line":239,"column":21}},"75":{"start":{"line":241,"column":4},"end":{"line":243,"column":7}},"76":{"start":{"line":251,"column":0},"end":{"line":299,"column":3}},"77":{"start":{"line":253,"column":2},"end":{"line":298,"column":3}},"78":{"start":{"line":255,"column":32},"end":{"line":255,"column":40}},"79":{"start":{"line":257,"column":17},"end":{"line":257,"column":46}},"80":{"start":{"line":259,"column":4},"end":{"line":263,"column":5}},"81":{"start":{"line":260,"column":6},"end":{"line":262,"column":9}},"82":{"start":{"line":265,"column":20},"end":{"line":265,"column":65}},"83":{"start":{"line":267,"column":4},"end":{"line":271,"column":5}},"84":{"start":{"line":268,"column":6},"end":{"line":270,"column":9}},"85":{"start":{"line":273,"column":18},"end":{"line":282,"column":5}},"86":{"start":{"line":284,"column":4},"end":{"line":288,"column":7}},"87":{"start":{"line":292,"column":4},"end":{"line":292,"column":21}},"88":{"start":{"line":294,"column":4},"end":{"line":296,"column":7}},"89":{"start":{"line":301,"column":0},"end":{"line":313,"column":3}},"90":{"start":{"line":302,"column":2},"end":{"line":312,"column":3}},"91":{"start":{"line":303,"column":20},"end":{"line":303,"column":64}},"92":{"start":{"line":305,"column":4},"end":{"line":307,"column":5}},"93":{"start":{"line":306,"column":6},"end":{"line":306,"column":71}},"94":{"start":{"line":309,"column":4},"end":{"line":309,"column":46}},"95":{"start":{"line":311,"column":4},"end":{"line":311,"column":53}},"96":{"start":{"line":315,"column":0},"end":{"line":332,"column":3}},"97":{"start":{"line":316,"column":2},"end":{"line":331,"column":3}},"98":{"start":{"line":317,"column":20},"end":{"line":321,"column":5}},"99":{"start":{"line":323,"column":4},"end":{"line":325,"column":5}},"100":{"start":{"line":324,"column":6},"end":{"line":324,"column":71}},"101":{"start":{"line":327,"column":4},"end":{"line":327,"column":60}},"102":{"start":{"line":329,"column":4},"end":{"line":329,"column":23}},"103":{"start":{"line":330,"column":4},"end":{"line":330,"column":54}},"104":{"start":{"line":336,"column":0},"end":{"line":340,"column":1}},"105":{"start":{"line":337,"column":2},"end":{"line":339,"column":5}},"106":{"start":{"line":338,"column":4},"end":{"line":338,"column":57}},"107":{"start":{"line":342,"column":0},"end":{"line":342,"column":21}}},"fnMap":{"0":{"name":"(anonymous_0)","decl":{"start":{"line":9,"column":23},"end":{"line":9,"column":24}},"loc":{"start":{"line":9,"column":43},"end":{"line":36,"column":1}},"line":9},"1":{"name":"(anonymous_1)","decl":{"start":{"line":46,"column":8},"end":{"line":46,"column":9}},"loc":{"start":{"line":46,"column":14},"end":{"line":48,"column":1}},"line":46},"2":{"name":"(anonymous_2)","decl":{"start":{"line":49,"column":9},"end":{"line":49,"column":10}},"loc":{"start":{"line":49,"column":16},"end":{"line":49,"column":52}},"line":49},"3":{"name":"(anonymous_3)","decl":{"start":{"line":84,"column":19},"end":{"line":84,"column":20}},"loc":{"start":{"line":84,"column":31},"end":{"line":121,"column":1}},"line":84},"4":{"name":"(anonymous_4)","decl":{"start":{"line":127,"column":13},"end":{"line":127,"column":14}},"loc":{"start":{"line":127,"column":27},"end":{"line":129,"column":1}},"line":127},"5":{"name":"(anonymous_5)","decl":{"start":{"line":134,"column":18},"end":{"line":134,"column":19}},"loc":{"start":{"line":134,"column":38},"end":{"line":137,"column":1}},"line":134},"6":{"name":"(anonymous_6)","decl":{"start":{"line":139,"column":31},"end":{"line":139,"column":32}},"loc":{"start":{"line":139,"column":51},"end":{"line":142,"column":1}},"line":139},"7":{"name":"(anonymous_7)","decl":{"start":{"line":144,"column":35},"end":{"line":144,"column":36}},"loc":{"start":{"line":144,"column":55},"end":{"line":162,"column":1}},"line":144},"8":{"name":"(anonymous_8)","decl":{"start":{"line":164,"column":25},"end":{"line":164,"column":26}},"loc":{"start":{"line":164,"column":45},"end":{"line":179,"column":1}},"line":164},"9":{"name":"(anonymous_9)","decl":{"start":{"line":181,"column":22},"end":{"line":181,"column":23}},"loc":{"start":{"line":181,"column":42},"end":{"line":202,"column":1}},"line":181},"10":{"name":"(anonymous_10)","decl":{"start":{"line":209,"column":22},"end":{"line":209,"column":23}},"loc":{"start":{"line":209,"column":42},"end":{"line":246,"column":1}},"line":209},"11":{"name":"(anonymous_11)","decl":{"start":{"line":251,"column":19},"end":{"line":251,"column":20}},"loc":{"start":{"line":251,"column":39},"end":{"line":299,"column":1}},"line":251},"12":{"name":"(anonymous_12)","decl":{"start":{"line":301,"column":25},"end":{"line":301,"column":26}},"loc":{"start":{"line":301,"column":45},"end":{"line":313,"column":1}},"line":301},"13":{"name":"(anonymous_13)","decl":{"start":{"line":315,"column":22},"end":{"line":315,"column":23}},"loc":{"start":{"line":315,"column":42},"end":{"line":332,"column":1}},"line":315},"14":{"name":"(anonymous_14)","decl":{"start":{"line":337,"column":19},"end":{"line":337,"column":20}},"loc":{"start":{"line":337,"column":25},"end":{"line":339,"column":3}},"line":337}},"branchMap":{"0":{"loc":{"start":{"line":15,"column":4},"end":{"line":19,"column":5}},"type":"if","locations":[{"start":{"line":15,"column":4},"end":{"line":19,"column":5}},{"start":{},"end":{}}],"line":15},"1":{"loc":{"start":{"line":93,"column":4},"end":{"line":114,"column":5}},"type":"if","locations":[{"start":{"line":93,"column":4},"end":{"line":114,"column":5}},{"start":{"line":110,"column":11},"end":{"line":114,"column":5}}],"line":93},"2":{"loc":{"start":{"line":217,"column":4},"end":{"line":221,"column":5}},"type":"if","locations":[{"start":{"line":217,"column":4},"end":{"line":221,"column":5}},{"start":{},"end":{}}],"line":217},"3":{"loc":{"start":{"line":259,"column":4},"end":{"line":263,"column":5}},"type":"if","locations":[{"start":{"line":259,"column":4},"end":{"line":263,"column":5}},{"start":{},"end":{}}],"line":259},"4":{"loc":{"start":{"line":267,"column":4},"end":{"line":271,"column":5}},"type":"if","locations":[{"start":{"line":267,"column":4},"end":{"line":271,"column":5}},{"start":{},"end":{}}],"line":267},"5":{"loc":{"start":{"line":305,"column":4},"end":{"line":307,"column":5}},"type":"if","locations":[{"start":{"line":305,"column":4},"end":{"line":307,"column":5}},{"start":{},"end":{}}],"line":305},"6":{"loc":{"start":{"line":323,"column":4},"end":{"line":325,"column":5}},"type":"if","locations":[{"start":{"line":323,"column":4},"end":{"line":325,"column":5}},{"start":{},"end":{}}],"line":323},"7":{"loc":{"start":{"line":336,"column":0},"end":{"line":340,"column":1}},"type":"if","locations":[{"start":{"line":336,"column":0},"end":{"line":340,"column":1}},{"start":{},"end":{}}],"line":336}},"s":{"0":1,"1":1,"2":1,"3":1,"4":1,"5":1,"6":1,"7":1,"8":1,"9":5,"10":5,"11":5,"12":1,"13":4,"14":4,"15":2,"16":2,"17":2,"18":1,"19":1,"20":1,"21":1,"22":1,"23":0,"24":1,"25":1,"26":1,"27":1,"28":1,"29":1,"30":1,"31":1,"32":0,"33":0,"34":0,"35":1,"36":0,"37":1,"38":1,"39":1,"40":1,"41":2,"42":2,"43":1,"44":3,"45":3,"46":1,"47":2,"48":2,"49":1,"50":1,"51":1,"52":1,"53":2,"54":2,"55":0,"56":2,"57":2,"58":1,"59":3,"60":3,"61":0,"62":3,"63":3,"64":1,"65":4,"66":4,"67":4,"68":4,"69":3,"70":1,"71":1,"72":1,"73":1,"74":0,"75":0,"76":1,"77":7,"78":7,"79":7,"80":7,"81":1,"82":6,"83":4,"84":3,"85":1,"86":1,"87":2,"88":2,"89":1,"90":0,"91":0,"92":0,"93":0,"94":0,"95":0,"96":1,"97":0,"98":0,"99":0,"100":0,"101":0,"102":0,"103":0,"104":1,"105":0,"106":0,"107":1},"f":{"0":5,"1":1,"2":0,"3":1,"4":1,"5":2,"6":3,"7":2,"8":2,"9":3,"10":4,"11":7,"12":0,"13":0,"14":0},"b":{"0":[1,4],"1":[0,1],"2":[3,1],"3":[1,6],"4":[3,1],"5":[0,0],"6":[0,0],"7":[0,1]},"_coverageSchema":"1a1c01bbd47fc00a2c39e90264f33305004495a9","hash":"f6408464fbd1df58b8e182e4c9cddbacd6a55fb0"}
,"D:\\SISTEMDONOR\\Backend\\models\\Donor.js": {"path":"D:\\SISTEMDONOR\\Backend\\models\\Donor.js","statementMap":{"0":{"start":{"line":1,"column":17},"end":{"line":1,"column":36}},"1":{"start":{"line":3,"column":20},"end":{"line":52,"column":2}},"2":{"start":{"line":54,"column":0},"end":{"line":54,"column":54}}},"fnMap":{},"branchMap":{},"s":{"0":1,"1":1,"2":1},"f":{},"b":{},"_coverageSchema":"1a1c01bbd47fc00a2c39e90264f33305004495a9","hash":"2c83667c5c213944854933931a838d89f8f71db4"}
}
