TN:
SF:server.js
FN:9,(anonymous_0)
FN:46,(anonymous_1)
FN:49,(anonymous_2)
FN:84,(anonymous_3)
FN:127,(anonymous_4)
FN:134,(anonymous_5)
FN:139,(anonymous_6)
FN:144,(anonymous_7)
FN:164,(anonymous_8)
FN:181,(anonymous_9)
FN:209,(anonymous_10)
FN:251,(anonymous_11)
FN:301,(anonymous_12)
FN:315,(anonymous_13)
FN:337,(anonymous_14)
FNF:15
FNH:11
FNDA:5,(anonymous_0)
FNDA:1,(anonymous_1)
FNDA:0,(anonymous_2)
FNDA:1,(anonymous_3)
FNDA:1,(anonymous_4)
FNDA:2,(anonymous_5)
FNDA:3,(anonymous_6)
FNDA:2,(anonymous_7)
FNDA:2,(anonymous_8)
FNDA:3,(anonymous_9)
FNDA:4,(anonymous_10)
FNDA:7,(anonymous_11)
FNDA:0,(anonymous_12)
FNDA:0,(anonymous_13)
FNDA:0,(anonymous_14)
DA:1,1
DA:2,1
DA:3,1
DA:4,1
DA:5,1
DA:6,1
DA:7,1
DA:8,1
DA:9,1
DA:11,5
DA:13,5
DA:15,5
DA:16,1
DA:21,4
DA:23,4
DA:25,2
DA:27,2
DA:31,2
DA:38,1
DA:41,1
DA:42,1
DA:45,1
DA:47,1
DA:49,0
DA:54,1
DA:73,1
DA:79,1
DA:84,1
DA:85,1
DA:88,1
DA:91,1
DA:93,1
DA:95,0
DA:106,0
DA:108,0
DA:112,1
DA:118,0
DA:122,1
DA:127,1
DA:128,1
DA:134,1
DA:135,2
DA:136,2
DA:139,1
DA:140,3
DA:141,3
DA:144,1
DA:145,2
DA:146,2
DA:157,1
DA:159,1
DA:160,1
DA:164,1
DA:165,2
DA:166,2
DA:168,0
DA:173,2
DA:175,2
DA:181,1
DA:182,3
DA:185,3
DA:193,0
DA:196,3
DA:198,3
DA:209,1
DA:211,4
DA:213,4
DA:215,4
DA:217,4
DA:218,3
DA:223,1
DA:225,1
DA:231,1
DA:233,1
DA:239,0
DA:241,0
DA:251,1
DA:253,7
DA:255,7
DA:257,7
DA:259,7
DA:260,1
DA:265,6
DA:267,4
DA:268,3
DA:273,1
DA:284,1
DA:292,2
DA:294,2
DA:301,1
DA:302,0
DA:303,0
DA:305,0
DA:306,0
DA:309,0
DA:311,0
DA:315,1
DA:316,0
DA:317,0
DA:323,0
DA:324,0
DA:327,0
DA:329,0
DA:330,0
DA:336,1
DA:337,0
DA:338,0
DA:342,1
LF:108
LH:84
BRDA:15,0,0,1
BRDA:15,0,1,4
BRDA:93,1,0,0
BRDA:93,1,1,1
BRDA:217,2,0,3
BRDA:217,2,1,1
BRDA:259,3,0,1
BRDA:259,3,1,6
BRDA:267,4,0,3
BRDA:267,4,1,1
BRDA:305,5,0,0
BRDA:305,5,1,0
BRDA:323,6,0,0
BRDA:323,6,1,0
BRDA:336,7,0,0
BRDA:336,7,1,1
BRF:16
BRH:10
end_of_record
TN:
SF:models\Donor.js
FNF:0
FNH:0
DA:1,1
DA:3,1
DA:54,1
LF:3
LH:3
BRF:0
BRH:0
end_of_record
